#
# There is insufficient memory for the Java Runtime Environment to continue.
# Native memory allocation (malloc) failed to allocate 32744 bytes for ChunkPool::allocate
# Possible reasons:
#   The system is out of physical RAM or swap space
#   The process is running with CompressedOops enabled, and the Java Heap may be blocking the growth of the native heap
# Possible solutions:
#   Reduce memory load on the system
#   Increase physical memory or swap space
#   Check if swap backing store is full
#   Decrease Java heap size (-Xmx/-Xms)
#   Decrease number of Java threads
#   Decrease Java thread stack sizes (-Xss)
#   Set larger code cache with -XX:ReservedCodeCacheSize=
#   JVM is running with Zero Based Compressed Oops mode in which the Java heap is
#     placed in the first 32GB address space. The Java Heap base address is the
#     maximum limit for the native heap growth. Please use -XX:HeapBaseMinAddress
#     to set the Java Heap base and to place the Java Heap above 32GB virtual address.
# This output file may be truncated or incomplete.
#
#  Out of Memory Error (arena.cpp:78), pid=81816, tid=90400
#
# JRE version: OpenJDK Runtime Environment Temurin-17.0.5+8 (17.0.5+8) (build 17.0.5+8)
# Java VM: OpenJDK 64-Bit Server VM Temurin-17.0.5+8 (17.0.5+8, mixed mode, tiered, compressed oops, compressed class ptrs, g1 gc, windows-amd64)
# No core dump will be written. Minidumps are not enabled by default on client versions of Windows
#

---------------  S U M M A R Y ------------

Command Line: -Dfile.encoding=UTF-8 -XX:+ShowCodeDetailsInExceptionMessages com.greatlearning.tickettracker.TicketTrackerApplication

Host: 11th Gen Intel(R) Core(TM) i5-1135G7 @ 2.40GHz, 8 cores, 15G,  Windows 11 , 64 bit Build 22000 (10.0.22000.1335)
Time: Sun Jan 22 22:35:36 2023 India Standard Time elapsed time: 84.762221 seconds (0d 0h 1m 24s)

---------------  T H R E A D  ---------------

Current thread (0x00000281808b81c0):  JavaThread "C2 CompilerThread0" daemon [_thread_in_native, id=90400, stack(0x000000c36d400000,0x000000c36d500000)]


Current CompileTask:
C2:  84763 5541       4       java.lang.Class::descriptorString (170 bytes)

Stack: [0x000000c36d400000,0x000000c36d500000]
Native frames: (J=compiled Java code, j=interpreted, Vv=VM code, C=native code)
V  [jvm.dll+0x676b3a]
V  [jvm.dll+0x831444]
V  [jvm.dll+0x832bee]
V  [jvm.dll+0x833253]
V  [jvm.dll+0x244ce5]
V  [jvm.dll+0xabdcc]
V  [jvm.dll+0xac17c]
V  [jvm.dll+0x685c52]
V  [jvm.dll+0x6840fc]
V  [jvm.dll+0x1a668c]
V  [jvm.dll+0x2aaf94]
V  [jvm.dll+0x68ee27]
V  [jvm.dll+0x686f0b]
V  [jvm.dll+0x686547]
V  [jvm.dll+0x684442]
V  [jvm.dll+0x1a668c]
V  [jvm.dll+0x2aaf94]
V  [jvm.dll+0x68ee27]
V  [jvm.dll+0x686f0b]
V  [jvm.dll+0x686547]
V  [jvm.dll+0x684442]
V  [jvm.dll+0x1a668c]
V  [jvm.dll+0x2aaf94]
V  [jvm.dll+0x68ee27]
V  [jvm.dll+0x686f0b]
V  [jvm.dll+0x686547]
V  [jvm.dll+0x684442]
V  [jvm.dll+0x1a668c]
V  [jvm.dll+0x1a7256]
V  [jvm.dll+0x1a4c3b]
V  [jvm.dll+0x21f4ce]
V  [jvm.dll+0x216c37]
V  [jvm.dll+0x1a343d]
V  [jvm.dll+0x22698a]
V  [jvm.dll+0x224ac5]
V  [jvm.dll+0x7e727b]
V  [jvm.dll+0x7e17ea]
V  [jvm.dll+0x6759e5]
C  [ucrtbase.dll+0x26c0c]
C  [KERNEL32.DLL+0x155a0]
C  [ntdll.dll+0x485b]


---------------  P R O C E S S  ---------------

Threads class SMR info:
_java_thread_list=0x00000281859e3060, length=31, elements={
0x000002818084f070, 0x000002818084fc20, 0x00000281808b48f0, 0x00000281808b52a0,
0x00000281808b6470, 0x00000281808b6e20, 0x00000281808b81c0, 0x00000281808c4980,
0x00000281808c7380, 0x0000028180a32d70, 0x0000028180a31bc0, 0x000002818456e3a0,
0x000002818407ac60, 0x00000281859f49e0, 0x0000028185247580, 0x00000281853f1890,
0x00000281853f30a0, 0x00000281853f0a20, 0x00000281853f0550, 0x00000281853f0080,
0x00000281853f0ef0, 0x00000281853f3570, 0x00000281853f3a40, 0x00000281853f13c0,
0x00000281853f1d60, 0x00000281853f2700, 0x0000028187387040, 0x00000281873819a0,
0x0000028187387eb0, 0x0000028187383b50, 0x00000281873849c0
}

Java Threads: ( => current thread )
  0x000002818084f070 JavaThread "Reference Handler" daemon [_thread_blocked, id=128156, stack(0x000000c36ce00000,0x000000c36cf00000)]
  0x000002818084fc20 JavaThread "Finalizer" daemon [_thread_blocked, id=110532, stack(0x000000c36cf00000,0x000000c36d000000)]
  0x00000281808b48f0 JavaThread "Signal Dispatcher" daemon [_thread_blocked, id=147412, stack(0x000000c36d000000,0x000000c36d100000)]
  0x00000281808b52a0 JavaThread "Attach Listener" daemon [_thread_blocked, id=144356, stack(0x000000c36d100000,0x000000c36d200000)]
  0x00000281808b6470 JavaThread "Service Thread" daemon [_thread_blocked, id=113372, stack(0x000000c36d200000,0x000000c36d300000)]
  0x00000281808b6e20 JavaThread "Monitor Deflation Thread" daemon [_thread_blocked, id=122408, stack(0x000000c36d300000,0x000000c36d400000)]
=>0x00000281808b81c0 JavaThread "C2 CompilerThread0" daemon [_thread_in_native, id=90400, stack(0x000000c36d400000,0x000000c36d500000)]
  0x00000281808c4980 JavaThread "C1 CompilerThread0" daemon [_thread_blocked, id=123128, stack(0x000000c36d500000,0x000000c36d600000)]
  0x00000281808c7380 JavaThread "Sweeper thread" daemon [_thread_blocked, id=142728, stack(0x000000c36d600000,0x000000c36d700000)]
  0x0000028180a32d70 JavaThread "Notification Thread" daemon [_thread_blocked, id=141452, stack(0x000000c36d700000,0x000000c36d800000)]
  0x0000028180a31bc0 JavaThread "Common-Cleaner" daemon [_thread_blocked, id=126364, stack(0x000000c36d900000,0x000000c36da00000)]
  0x000002818456e3a0 JavaThread "Catalina-utility-1" [_thread_blocked, id=114000, stack(0x000000c36e700000,0x000000c36e800000)]
  0x000002818407ac60 JavaThread "Catalina-utility-2" [_thread_blocked, id=121436, stack(0x000000c36e800000,0x000000c36e900000)]
  0x00000281859f49e0 JavaThread "container-0" [_thread_blocked, id=132992, stack(0x000000c36e900000,0x000000c36ea00000)]
  0x0000028185247580 JavaThread "mysql-cj-abandoned-connection-cleanup" daemon [_thread_blocked, id=122264, stack(0x000000c36ea00000,0x000000c36eb00000)]
  0x00000281853f1890 JavaThread "HikariPool-1 housekeeper" daemon [_thread_blocked, id=120212, stack(0x000000c36ec00000,0x000000c36ed00000)]
  0x00000281853f30a0 JavaThread "File Watcher" daemon [_thread_blocked, id=146056, stack(0x000000c36ee00000,0x000000c36ef00000)]
  0x00000281853f0a20 JavaThread "Live Reload Server" daemon [_thread_in_native, id=142464, stack(0x000000c36f000000,0x000000c36f100000)]
  0x00000281853f0550 JavaThread "http-nio-8080-exec-1" daemon [_thread_blocked, id=142512, stack(0x000000c36ef00000,0x000000c36f000000)]
  0x00000281853f0080 JavaThread "http-nio-8080-exec-2" daemon [_thread_blocked, id=132272, stack(0x000000c36f100000,0x000000c36f200000)]
  0x00000281853f0ef0 JavaThread "http-nio-8080-exec-3" daemon [_thread_blocked, id=146148, stack(0x000000c36f200000,0x000000c36f300000)]
  0x00000281853f3570 JavaThread "http-nio-8080-exec-4" daemon [_thread_in_native, id=86768, stack(0x000000c36f300000,0x000000c36f400000)]
  0x00000281853f3a40 JavaThread "http-nio-8080-exec-5" daemon [_thread_blocked, id=143308, stack(0x000000c36f400000,0x000000c36f500000)]
  0x00000281853f13c0 JavaThread "http-nio-8080-exec-6" daemon [_thread_blocked, id=110732, stack(0x000000c36f500000,0x000000c36f600000)]
  0x00000281853f1d60 JavaThread "http-nio-8080-exec-7" daemon [_thread_blocked, id=134084, stack(0x000000c36f600000,0x000000c36f700000)]
  0x00000281853f2700 JavaThread "http-nio-8080-exec-8" daemon [_thread_blocked, id=146528, stack(0x000000c36f700000,0x000000c36f800000)]
  0x0000028187387040 JavaThread "http-nio-8080-exec-9" daemon [_thread_blocked, id=139432, stack(0x000000c36f800000,0x000000c36f900000)]
  0x00000281873819a0 JavaThread "http-nio-8080-exec-10" daemon [_thread_blocked, id=97932, stack(0x000000c36f900000,0x000000c36fa00000)]
  0x0000028187387eb0 JavaThread "http-nio-8080-Poller" daemon [_thread_in_native, id=138868, stack(0x000000c36fa00000,0x000000c36fb00000)]
  0x0000028187383b50 JavaThread "http-nio-8080-Acceptor" daemon [_thread_in_native, id=120440, stack(0x000000c36fb00000,0x000000c36fc00000)]
  0x00000281873849c0 JavaThread "DestroyJavaVM" [_thread_blocked, id=142656, stack(0x000000c36c700000,0x000000c36c800000)]

Other Threads:
  0x0000028180876110 VMThread "VM Thread" [stack: 0x000000c36cd00000,0x000000c36ce00000] [id=93516]
  0x00000281e0d3f350 WatcherThread [stack: 0x000000c36d800000,0x000000c36d900000] [id=142468]
  0x00000281e0d262b0 GCTaskThread "GC Thread#0" [stack: 0x000000c36c800000,0x000000c36c900000] [id=144544]
  0x0000028182205380 GCTaskThread "GC Thread#1" [stack: 0x000000c36dd00000,0x000000c36de00000] [id=138856]
  0x00000281822bb4c0 GCTaskThread "GC Thread#2" [stack: 0x000000c36de00000,0x000000c36df00000] [id=140144]
  0x00000281822d8040 GCTaskThread "GC Thread#3" [stack: 0x000000c36df00000,0x000000c36e000000] [id=119784]
  0x00000281822d82f0 GCTaskThread "GC Thread#4" [stack: 0x000000c36e000000,0x000000c36e100000] [id=141508]
  0x00000281822a25a0 GCTaskThread "GC Thread#5" [stack: 0x000000c36e100000,0x000000c36e200000] [id=144664]
  0x00000281822f89a0 GCTaskThread "GC Thread#6" [stack: 0x000000c36e200000,0x000000c36e300000] [id=146488]
  0x00000281825074e0 GCTaskThread "GC Thread#7" [stack: 0x000000c36e500000,0x000000c36e600000] [id=95760]
  0x00000281e0d36e80 ConcurrentGCThread "G1 Main Marker" [stack: 0x000000c36c900000,0x000000c36ca00000] [id=142112]
  0x00000281e0d391a0 ConcurrentGCThread "G1 Conc#0" [stack: 0x000000c36ca00000,0x000000c36cb00000] [id=126280]
  0x000002818236dd40 ConcurrentGCThread "G1 Conc#1" [stack: 0x000000c36e600000,0x000000c36e700000] [id=147448]
  0x00000281ff0d6020 ConcurrentGCThread "G1 Refine#0" [stack: 0x000000c36cb00000,0x000000c36cc00000] [id=128860]
  0x000002818223ae60 ConcurrentGCThread "G1 Refine#1" [stack: 0x000000c36e300000,0x000000c36e400000] [id=123396]
  0x00000281ff0d78f0 ConcurrentGCThread "G1 Service" [stack: 0x000000c36cc00000,0x000000c36cd00000] [id=145832]

Threads with active compile tasks:
C2 CompilerThread0    84827 5541       4       java.lang.Class::descriptorString (170 bytes)

VM state: not at safepoint (normal execution)

VM Mutex/Monitor currently owned by a thread: None

Heap address: 0x0000000703600000, size: 4042 MB, Compressed Oops mode: Zero based, Oop shift amount: 3

CDS archive(s) not mapped
Compressed class space mapped at: 0x0000000800000000-0x0000000840000000, reserved size: 1073741824
Narrow klass base: 0x0000000800000000, Narrow klass shift: 0, Narrow klass range: 0x40000000

GC Precious Log:
 CPUs: 8 total, 8 available
 Memory: 16167M
 Large Page Support: Disabled
 NUMA Support: Disabled
 Compressed Oops: Enabled (Zero based)
 Heap Region Size: 2M
 Heap Min Capacity: 8M
 Heap Initial Capacity: 254M
 Heap Max Capacity: 4042M
 Pre-touch: Disabled
 Parallel Workers: 8
 Concurrent Workers: 2
 Concurrent Refinement Workers: 8
 Periodic GC: Disabled

Heap:
 garbage-first heap   total 75776K, used 39082K [0x0000000703600000, 0x0000000800000000)
  region size 2048K, 11 young (22528K), 2 survivors (4096K)
 Metaspace       used 70361K, committed 70784K, reserved 1114112K
  class space    used 8973K, committed 9152K, reserved 1048576K

Heap Regions: E=young(eden), S=young(survivor), O=old, HS=humongous(starts), HC=humongous(continues), CS=collection set, F=free, OA=open archive, CA=closed archive, TAMS=top-at-mark-start (previous, next)
|   0|0x0000000703600000, 0x0000000703800000, 0x0000000703800000|100%| O|  |TAMS 0x0000000703800000, 0x0000000703600000| Untracked 
|   1|0x0000000703800000, 0x0000000703a00000, 0x0000000703a00000|100%| O|  |TAMS 0x0000000703a00000, 0x0000000703800000| Untracked 
|   2|0x0000000703a00000, 0x0000000703bee000, 0x0000000703c00000| 96%| O|  |TAMS 0x0000000703bee000, 0x0000000703a00000| Untracked 
|   3|0x0000000703c00000, 0x0000000703e00000, 0x0000000703e00000|100%| O|  |TAMS 0x0000000703e00000, 0x0000000703c00000| Untracked 
|   4|0x0000000703e00000, 0x0000000703e00000, 0x0000000704000000|  0%| F|  |TAMS 0x0000000703e00000, 0x0000000703e00000| Untracked 
|   5|0x0000000704000000, 0x0000000704200000, 0x0000000704200000|100%| O|  |TAMS 0x0000000704200000, 0x0000000704000000| Untracked 
|   6|0x0000000704200000, 0x0000000704400000, 0x0000000704400000|100%| O|  |TAMS 0x0000000704400000, 0x0000000704200000| Untracked 
|   7|0x0000000704400000, 0x0000000704600000, 0x0000000704600000|100%| O|  |TAMS 0x0000000704600000, 0x0000000704400000| Untracked 
|   8|0x0000000704600000, 0x0000000704800000, 0x0000000704800000|100%| O|  |TAMS 0x0000000704800000, 0x0000000704600000| Untracked 
|   9|0x0000000704800000, 0x0000000704a00000, 0x0000000704a00000|100%| O|  |TAMS 0x0000000704800000, 0x0000000704800000| Untracked 
|  10|0x0000000704a00000, 0x0000000704a00000, 0x0000000704c00000|  0%| F|  |TAMS 0x0000000704a00000, 0x0000000704a00000| Untracked 
|  11|0x0000000704c00000, 0x0000000704c00000, 0x0000000704e00000|  0%| F|  |TAMS 0x0000000704c00000, 0x0000000704c00000| Untracked 
|  12|0x0000000704e00000, 0x0000000704e00000, 0x0000000705000000|  0%| F|  |TAMS 0x0000000704e00000, 0x0000000704e00000| Untracked 
|  13|0x0000000705000000, 0x0000000705200000, 0x0000000705200000|100%| O|  |TAMS 0x0000000705000000, 0x0000000705000000| Untracked 
|  14|0x0000000705200000, 0x000000070535de00, 0x0000000705400000| 68%| O|  |TAMS 0x0000000705200000, 0x0000000705200000| Untracked 
|  15|0x0000000705400000, 0x0000000705400000, 0x0000000705600000|  0%| F|  |TAMS 0x0000000705400000, 0x0000000705400000| Untracked 
|  16|0x0000000705600000, 0x0000000705600000, 0x0000000705800000|  0%| F|  |TAMS 0x0000000705600000, 0x0000000705600000| Untracked 
|  17|0x0000000705800000, 0x00000007058decd0, 0x0000000705a00000| 43%| S|CS|TAMS 0x0000000705800000, 0x0000000705800000| Complete 
|  18|0x0000000705a00000, 0x0000000705c00000, 0x0000000705c00000|100%| S|CS|TAMS 0x0000000705a00000, 0x0000000705a00000| Complete 
|  19|0x0000000705c00000, 0x0000000705c00000, 0x0000000705e00000|  0%| F|  |TAMS 0x0000000705c00000, 0x0000000705c00000| Untracked 
|  20|0x0000000705e00000, 0x0000000705e00000, 0x0000000706000000|  0%| F|  |TAMS 0x0000000705e00000, 0x0000000705e00000| Untracked 
|  21|0x0000000706000000, 0x0000000706000000, 0x0000000706200000|  0%| F|  |TAMS 0x0000000706000000, 0x0000000706000000| Untracked 
|  22|0x0000000706200000, 0x0000000706200000, 0x0000000706400000|  0%| F|  |TAMS 0x0000000706200000, 0x0000000706200000| Untracked 
|  23|0x0000000706400000, 0x0000000706400000, 0x0000000706600000|  0%| F|  |TAMS 0x0000000706400000, 0x0000000706400000| Untracked 
|  24|0x0000000706600000, 0x0000000706600000, 0x0000000706800000|  0%| F|  |TAMS 0x0000000706600000, 0x0000000706600000| Untracked 
|  25|0x0000000706800000, 0x0000000706800000, 0x0000000706a00000|  0%| F|  |TAMS 0x0000000706800000, 0x0000000706800000| Untracked 
|  26|0x0000000706a00000, 0x0000000706a00000, 0x0000000706c00000|  0%| F|  |TAMS 0x0000000706a00000, 0x0000000706a00000| Untracked 
|  27|0x0000000706c00000, 0x0000000706c00000, 0x0000000706e00000|  0%| F|  |TAMS 0x0000000706c00000, 0x0000000706c00000| Untracked 
|  28|0x0000000706e00000, 0x0000000706fe5468, 0x0000000707000000| 94%| E|  |TAMS 0x0000000706e00000, 0x0000000706e00000| Complete 
|  29|0x0000000707000000, 0x0000000707200000, 0x0000000707200000|100%| E|CS|TAMS 0x0000000707000000, 0x0000000707000000| Complete 
|  30|0x0000000707200000, 0x0000000707400000, 0x0000000707400000|100%| E|CS|TAMS 0x0000000707200000, 0x0000000707200000| Complete 
|  31|0x0000000707400000, 0x0000000707600000, 0x0000000707600000|100%| E|CS|TAMS 0x0000000707400000, 0x0000000707400000| Complete 
|  32|0x0000000707600000, 0x0000000707800000, 0x0000000707800000|100%| E|CS|TAMS 0x0000000707600000, 0x0000000707600000| Complete 
|  33|0x0000000707800000, 0x0000000707a00000, 0x0000000707a00000|100%| E|CS|TAMS 0x0000000707800000, 0x0000000707800000| Complete 
|  34|0x0000000707a00000, 0x0000000707c00000, 0x0000000707c00000|100%| E|  |TAMS 0x0000000707a00000, 0x0000000707a00000| Complete 
|  35|0x0000000707c00000, 0x0000000707e00000, 0x0000000707e00000|100%| E|CS|TAMS 0x0000000707c00000, 0x0000000707c00000| Complete 
| 126|0x0000000713200000, 0x0000000713400000, 0x0000000713400000|100%| E|CS|TAMS 0x0000000713200000, 0x0000000713200000| Complete 

Card table byte_map: [0x00000281f3ea0000,0x00000281f4690000] _byte_map_base: 0x00000281f0685000

Marking Bits (Prev, Next): (CMBitMap*) 0x00000281e0d26900, (CMBitMap*) 0x00000281e0d268c0
 Prev Bits: [0x00000281f8db0000, 0x00000281fccd8000)
 Next Bits: [0x00000281f4e80000, 0x00000281f8da8000)

Polling page: 0x00000281e0480000

Metaspace:

Usage:
  Non-class:     59.95 MB used.
      Class:      8.76 MB used.
       Both:     68.71 MB used.

Virtual space:
  Non-class space:       64.00 MB reserved,      60.19 MB ( 94%) committed,  8 nodes.
      Class space:        1.00 GB reserved,       8.94 MB ( <1%) committed,  1 nodes.
             Both:        1.06 GB reserved,      69.12 MB (  6%) committed. 

Chunk freelists:
   Non-Class:  3.67 MB
       Class:  2.92 MB
        Both:  6.59 MB

MaxMetaspaceSize: unlimited
CompressedClassSpaceSize: 1.00 GB
Initial GC threshold: 21.00 MB
Current GC threshold: 84.00 MB
CDS: off
MetaspaceReclaimPolicy: balanced
 - commit_granule_bytes: 65536.
 - commit_granule_words: 8192.
 - virtual_space_node_default_size: 1048576.
 - enlarge_chunks_in_place: 1.
 - new_chunks_are_fully_committed: 0.
 - uncommit_free_chunks: 1.
 - use_allocation_guard: 0.
 - handle_deallocations: 1.


Internal statistics:

num_allocs_failed_limit: 8.
num_arena_births: 350.
num_arena_deaths: 0.
num_vsnodes_births: 9.
num_vsnodes_deaths: 0.
num_space_committed: 1106.
num_space_uncommitted: 0.
num_chunks_returned_to_freelist: 8.
num_chunks_taken_from_freelist: 2457.
num_chunk_merges: 8.
num_chunk_splits: 1801.
num_chunks_enlarged: 1466.
num_purges: 0.
num_inconsistent_stats: 0.

CodeHeap 'non-profiled nmethods': size=120000Kb used=3436Kb max_used=3436Kb free=116563Kb
 bounds [0x00000281ebe40000, 0x00000281ec1a0000, 0x00000281f3370000]
CodeHeap 'profiled nmethods': size=120000Kb used=9788Kb max_used=9788Kb free=110211Kb
 bounds [0x00000281e4910000, 0x00000281e52b0000, 0x00000281ebe40000]
CodeHeap 'non-nmethods': size=5760Kb used=1358Kb max_used=1389Kb free=4401Kb
 bounds [0x00000281e4370000, 0x00000281e45e0000, 0x00000281e4910000]
 total_blobs=5472 nmethods=4790 adapters=592
 compilation: enabled
              stopped_count=0, restarted_count=0
 full_count=0

Compilation events (20 events):
Event: 84.717 Thread 0x00000281808b81c0 nmethod 5535 0x00000281ec19ae90 code [0x00000281ec19b000, 0x00000281ec19b178]
Event: 84.720 Thread 0x00000281808c4980 5536       3       org.springframework.util.ReflectionUtils::isEqualsMethod (47 bytes)
Event: 84.720 Thread 0x00000281808c4980 nmethod 5536 0x00000281e49f2410 code [0x00000281e49f2600, 0x00000281e49f2bb8]
Event: 84.721 Thread 0x00000281808c4980 5537       3       org.springframework.util.ReflectionUtils::isHashCodeMethod (29 bytes)
Event: 84.721 Thread 0x00000281808c4980 nmethod 5537 0x00000281e529d410 code [0x00000281e529d5c0, 0x00000281e529d848]
Event: 84.723 Thread 0x00000281808c4980 5540       3       java.lang.System$2::decodeASCII (11 bytes)
Event: 84.723 Thread 0x00000281808c4980 nmethod 5540 0x00000281e529d990 code [0x00000281e529db20, 0x00000281e529dc68]
Event: 84.723 Thread 0x00000281808c4980 5538       3       java.nio.charset.CharsetDecoder::reset (11 bytes)
Event: 84.724 Thread 0x00000281808c4980 nmethod 5538 0x00000281e529dd10 code [0x00000281e529dea0, 0x00000281e529e098]
Event: 84.724 Thread 0x00000281808c4980 5539       3       java.nio.charset.CharsetDecoder::implReset (1 bytes)
Event: 84.724 Thread 0x00000281808c4980 nmethod 5539 0x00000281e529e190 code [0x00000281e529e320, 0x00000281e529e438]
Event: 84.740 Thread 0x00000281808b81c0 5541       4       java.lang.Class::descriptorString (170 bytes)
Event: 84.742 Thread 0x00000281808c4980 5542       3       org.springframework.core.convert.support.GenericConversionService::getConverter (106 bytes)
Event: 84.743 Thread 0x00000281808c4980 nmethod 5542 0x00000281e529e510 code [0x00000281e529e760, 0x00000281e529f208]
Event: 84.743 Thread 0x00000281808c4980 5543       3       org.springframework.core.convert.support.GenericConversionService$ConverterCacheKey::<init> (15 bytes)
Event: 84.743 Thread 0x00000281808c4980 nmethod 5543 0x00000281e529f490 code [0x00000281e529f640, 0x00000281e529f878]
Event: 84.743 Thread 0x00000281808c4980 5544       3       org.springframework.core.convert.support.GenericConversionService$ConverterCacheKey::equals (55 bytes)
Event: 84.744 Thread 0x00000281808c4980 nmethod 5544 0x00000281e529f910 code [0x00000281e529fae0, 0x00000281e52a00f8]
Event: 84.748 Thread 0x00000281808c4980 5546       3       org.springframework.core.annotation.AnnotationTypeMapping$MirrorSets::get (7 bytes)
Event: 84.748 Thread 0x00000281808c4980 nmethod 5546 0x00000281e52a0290 code [0x00000281e52a0420, 0x00000281e52a0558]

GC Heap History (20 events):
Event: 3.545 GC heap before
{Heap before GC invocations=12 (full 0):
 garbage-first heap   total 34816K, used 21487K [0x0000000703600000, 0x0000000800000000)
  region size 2048K, 5 young (10240K), 1 survivors (2048K)
 Metaspace       used 37074K, committed 37312K, reserved 1089536K
  class space    used 4372K, committed 4480K, reserved 1048576K
}
Event: 3.546 GC heap after
{Heap after GC invocations=13 (full 0):
 garbage-first heap   total 34816K, used 15735K [0x0000000703600000, 0x0000000800000000)
  region size 2048K, 1 young (2048K), 1 survivors (2048K)
 Metaspace       used 37074K, committed 37312K, reserved 1089536K
  class space    used 4372K, committed 4480K, reserved 1048576K
}
Event: 3.600 GC heap before
{Heap before GC invocations=13 (full 0):
 garbage-first heap   total 34816K, used 17783K [0x0000000703600000, 0x0000000800000000)
  region size 2048K, 2 young (4096K), 1 survivors (2048K)
 Metaspace       used 37848K, committed 38144K, reserved 1089536K
  class space    used 4443K, committed 4608K, reserved 1048576K
}
Event: 3.603 GC heap after
{Heap after GC invocations=14 (full 0):
 garbage-first heap   total 34816K, used 15474K [0x0000000703600000, 0x0000000800000000)
  region size 2048K, 1 young (2048K), 1 survivors (2048K)
 Metaspace       used 37848K, committed 38144K, reserved 1089536K
  class space    used 4443K, committed 4608K, reserved 1048576K
}
Event: 3.747 GC heap before
{Heap before GC invocations=14 (full 0):
 garbage-first heap   total 34816K, used 23666K [0x0000000703600000, 0x0000000800000000)
  region size 2048K, 5 young (10240K), 1 survivors (2048K)
 Metaspace       used 39825K, committed 40064K, reserved 1089536K
  class space    used 4789K, committed 4928K, reserved 1048576K
}
Event: 3.748 GC heap after
{Heap after GC invocations=15 (full 0):
 garbage-first heap   total 34816K, used 15836K [0x0000000703600000, 0x0000000800000000)
  region size 2048K, 1 young (2048K), 1 survivors (2048K)
 Metaspace       used 39825K, committed 40064K, reserved 1089536K
  class space    used 4789K, committed 4928K, reserved 1048576K
}
Event: 3.914 GC heap before
{Heap before GC invocations=16 (full 0):
 garbage-first heap   total 34816K, used 24028K [0x0000000703600000, 0x0000000800000000)
  region size 2048K, 5 young (10240K), 1 survivors (2048K)
 Metaspace       used 42122K, committed 42432K, reserved 1089536K
  class space    used 5209K, committed 5376K, reserved 1048576K
}
Event: 3.916 GC heap after
{Heap after GC invocations=17 (full 0):
 garbage-first heap   total 34816K, used 16267K [0x0000000703600000, 0x0000000800000000)
  region size 2048K, 1 young (2048K), 1 survivors (2048K)
 Metaspace       used 42122K, committed 42432K, reserved 1089536K
  class space    used 5209K, committed 5376K, reserved 1048576K
}
Event: 4.095 GC heap before
{Heap before GC invocations=17 (full 0):
 garbage-first heap   total 34816K, used 24459K [0x0000000703600000, 0x0000000800000000)
  region size 2048K, 5 young (10240K), 1 survivors (2048K)
 Metaspace       used 45400K, committed 45696K, reserved 1089536K
  class space    used 5575K, committed 5760K, reserved 1048576K
}
Event: 4.098 GC heap after
{Heap after GC invocations=18 (full 0):
 garbage-first heap   total 34816K, used 17476K [0x0000000703600000, 0x0000000800000000)
  region size 2048K, 1 young (2048K), 1 survivors (2048K)
 Metaspace       used 45400K, committed 45696K, reserved 1089536K
  class space    used 5575K, committed 5760K, reserved 1048576K
}
Event: 4.368 GC heap before
{Heap before GC invocations=19 (full 0):
 garbage-first heap   total 34816K, used 25668K [0x0000000703600000, 0x0000000800000000)
  region size 2048K, 5 young (10240K), 1 survivors (2048K)
 Metaspace       used 50085K, committed 50368K, reserved 1097728K
  class space    used 6228K, committed 6400K, reserved 1048576K
}
Event: 4.371 GC heap after
{Heap after GC invocations=20 (full 0):
 garbage-first heap   total 34816K, used 18183K [0x0000000703600000, 0x0000000800000000)
  region size 2048K, 1 young (2048K), 1 survivors (2048K)
 Metaspace       used 50085K, committed 50368K, reserved 1097728K
  class space    used 6228K, committed 6400K, reserved 1048576K
}
Event: 4.492 GC heap before
{Heap before GC invocations=20 (full 0):
 garbage-first heap   total 34816K, used 24327K [0x0000000703600000, 0x0000000800000000)
  region size 2048K, 4 young (8192K), 1 survivors (2048K)
 Metaspace       used 51149K, committed 51456K, reserved 1097728K
  class space    used 6357K, committed 6528K, reserved 1048576K
}
Event: 4.494 GC heap after
{Heap after GC invocations=21 (full 0):
 garbage-first heap   total 147456K, used 18544K [0x0000000703600000, 0x0000000800000000)
  region size 2048K, 1 young (2048K), 1 survivors (2048K)
 Metaspace       used 51149K, committed 51456K, reserved 1097728K
  class space    used 6357K, committed 6528K, reserved 1048576K
}
Event: 5.590 GC heap before
{Heap before GC invocations=22 (full 0):
 garbage-first heap   total 75776K, used 63600K [0x0000000703600000, 0x0000000800000000)
  region size 2048K, 24 young (49152K), 1 survivors (2048K)
 Metaspace       used 60711K, committed 60992K, reserved 1105920K
  class space    used 7758K, committed 7872K, reserved 1048576K
}
Event: 5.593 GC heap after
{Heap after GC invocations=23 (full 0):
 garbage-first heap   total 75776K, used 21915K [0x0000000703600000, 0x0000000800000000)
  region size 2048K, 3 young (6144K), 3 survivors (6144K)
 Metaspace       used 60711K, committed 60992K, reserved 1105920K
  class space    used 7758K, committed 7872K, reserved 1048576K
}
Event: 5.652 GC heap before
{Heap before GC invocations=23 (full 0):
 garbage-first heap   total 75776K, used 23963K [0x0000000703600000, 0x0000000800000000)
  region size 2048K, 4 young (8192K), 3 survivors (6144K)
 Metaspace       used 60984K, committed 61312K, reserved 1105920K
  class space    used 7794K, committed 7936K, reserved 1048576K
}
Event: 5.655 GC heap after
{Heap after GC invocations=24 (full 0):
 garbage-first heap   total 75776K, used 22460K [0x0000000703600000, 0x0000000800000000)
  region size 2048K, 1 young (2048K), 1 survivors (2048K)
 Metaspace       used 60984K, committed 61312K, reserved 1105920K
  class space    used 7794K, committed 7936K, reserved 1048576K
}
Event: 18.786 GC heap before
{Heap before GC invocations=24 (full 0):
 garbage-first heap   total 75776K, used 57276K [0x0000000703600000, 0x0000000800000000)
  region size 2048K, 18 young (36864K), 1 survivors (2048K)
 Metaspace       used 66931K, committed 67264K, reserved 1114112K
  class space    used 8544K, committed 8704K, reserved 1048576K
}
Event: 18.792 GC heap after
{Heap after GC invocations=25 (full 0):
 garbage-first heap   total 75776K, used 24746K [0x0000000703600000, 0x0000000800000000)
  region size 2048K, 2 young (4096K), 2 survivors (4096K)
 Metaspace       used 66931K, committed 67264K, reserved 1114112K
  class space    used 8544K, committed 8704K, reserved 1048576K
}

Dll operation events (9 events):
Event: 0.012 Loaded shared library C:\Users\Dhakshana\Downloads\sts-4.17.1.RELEASE\plugins\org.eclipse.justj.openjdk.hotspot.jre.full.win32.x86_64_17.0.5.v20221102-0933\jre\bin\java.dll
Event: 0.155 Loaded shared library C:\Users\Dhakshana\Downloads\sts-4.17.1.RELEASE\plugins\org.eclipse.justj.openjdk.hotspot.jre.full.win32.x86_64_17.0.5.v20221102-0933\jre\bin\net.dll
Event: 0.160 Loaded shared library C:\Users\Dhakshana\Downloads\sts-4.17.1.RELEASE\plugins\org.eclipse.justj.openjdk.hotspot.jre.full.win32.x86_64_17.0.5.v20221102-0933\jre\bin\nio.dll
Event: 0.170 Loaded shared library C:\Users\Dhakshana\Downloads\sts-4.17.1.RELEASE\plugins\org.eclipse.justj.openjdk.hotspot.jre.full.win32.x86_64_17.0.5.v20221102-0933\jre\bin\zip.dll
Event: 0.555 Loaded shared library C:\Users\Dhakshana\Downloads\sts-4.17.1.RELEASE\plugins\org.eclipse.justj.openjdk.hotspot.jre.full.win32.x86_64_17.0.5.v20221102-0933\jre\bin\verify.dll
Event: 0.561 Loaded shared library C:\Users\Dhakshana\Downloads\sts-4.17.1.RELEASE\plugins\org.eclipse.justj.openjdk.hotspot.jre.full.win32.x86_64_17.0.5.v20221102-0933\jre\bin\jimage.dll
Event: 0.842 Loaded shared library C:\Users\Dhakshana\Downloads\sts-4.17.1.RELEASE\plugins\org.eclipse.justj.openjdk.hotspot.jre.full.win32.x86_64_17.0.5.v20221102-0933\jre\bin\management.dll
Event: 0.847 Loaded shared library C:\Users\Dhakshana\Downloads\sts-4.17.1.RELEASE\plugins\org.eclipse.justj.openjdk.hotspot.jre.full.win32.x86_64_17.0.5.v20221102-0933\jre\bin\management_ext.dll
Event: 2.823 Loaded shared library C:\Users\Dhakshana\Downloads\sts-4.17.1.RELEASE\plugins\org.eclipse.justj.openjdk.hotspot.jre.full.win32.x86_64_17.0.5.v20221102-0933\jre\bin\sunmscapi.dll

Deoptimization events (20 events):
Event: 23.526 Thread 0x00000281853f13c0 Uncommon trap: trap_request=0xffffffc6 fr.pc=0x00000281ec00b874 relative=0x00000000000013b4
Event: 23.526 Thread 0x00000281853f13c0 Uncommon trap: reason=bimorphic_or_optimized_type_check action=maybe_recompile pc=0x00000281ec00b874 method=java.util.concurrent.ConcurrentHashMap.putVal(Ljava/lang/Object;Ljava/lang/Object;Z)Ljava/lang/Object; @ 242 c2
Event: 23.526 Thread 0x00000281853f13c0 DEOPT PACKING pc=0x00000281ec00b874 sp=0x000000c36f5fdcc0
Event: 23.526 Thread 0x00000281853f13c0 DEOPT UNPACKING pc=0x00000281e43c5ba3 sp=0x000000c36f5fdc40 mode 2
Event: 30.373 Thread 0x00000281853f1d60 Uncommon trap: trap_request=0xffffff45 fr.pc=0x00000281ec176fc8 relative=0x0000000000000568
Event: 30.373 Thread 0x00000281853f1d60 Uncommon trap: reason=unstable_if action=reinterpret pc=0x00000281ec176fc8 method=org.thymeleaf.util.ProcessorComparators$ProcessorPrecedenceComparator.compare(Lorg/thymeleaf/processor/IProcessor;Lorg/thymeleaf/processor/IProcessor;)I @ 2 c2
Event: 30.373 Thread 0x00000281853f1d60 DEOPT PACKING pc=0x00000281ec176fc8 sp=0x000000c36f6fcb50
Event: 30.373 Thread 0x00000281853f1d60 DEOPT UNPACKING pc=0x00000281e43c5ba3 sp=0x000000c36f6fca60 mode 2
Event: 30.424 Thread 0x00000281853f1d60 Uncommon trap: trap_request=0xffffff54 fr.pc=0x00000281ebfdbdc4 relative=0x00000000000005c4
Event: 30.424 Thread 0x00000281853f1d60 Uncommon trap: reason=speculate_null_assert action=make_not_entrant pc=0x00000281ebfdbdc4 method=org.springframework.util.ConcurrentReferenceHashMap$Segment.restructureIfNecessary(Z)V @ 41 c2
Event: 30.424 Thread 0x00000281853f1d60 DEOPT PACKING pc=0x00000281ebfdbdc4 sp=0x000000c36f6fbec0
Event: 30.424 Thread 0x00000281853f1d60 DEOPT UNPACKING pc=0x00000281e43c5ba3 sp=0x000000c36f6fbd80 mode 2
Event: 30.483 Thread 0x00000281853f1d60 Uncommon trap: trap_request=0xffffff45 fr.pc=0x00000281ebee81b8 relative=0x0000000000000d58
Event: 30.483 Thread 0x00000281853f1d60 Uncommon trap: reason=unstable_if action=reinterpret pc=0x00000281ebee81b8 method=sun.reflect.annotation.AnnotationInvocationHandler.invoke(Ljava/lang/Object;Ljava/lang/reflect/Method;[Ljava/lang/Object;)Ljava/lang/Object; @ 15 c2
Event: 30.483 Thread 0x00000281853f1d60 DEOPT PACKING pc=0x00000281ebee81b8 sp=0x000000c36f6fc2c0
Event: 30.483 Thread 0x00000281853f1d60 DEOPT UNPACKING pc=0x00000281e43c5ba3 sp=0x000000c36f6fc290 mode 2
Event: 84.683 Thread 0x00000281853f3570 Uncommon trap: trap_request=0xffffffcc fr.pc=0x00000281ec1989b4 relative=0x0000000000000294
Event: 84.683 Thread 0x00000281853f3570 Uncommon trap: reason=intrinsic_or_type_checked_inlining action=make_not_entrant pc=0x00000281ec1989b4 method=java.util.ArrayList.toArray([Ljava/lang/Object;)[Ljava/lang/Object; @ 36 c2
Event: 84.683 Thread 0x00000281853f3570 DEOPT PACKING pc=0x00000281ec1989b4 sp=0x000000c36f3fcac0
Event: 84.683 Thread 0x00000281853f3570 DEOPT UNPACKING pc=0x00000281e43c5ba3 sp=0x000000c36f3fca60 mode 2

Classes unloaded (0 events):
No events

Classes redefined (0 events):
No events

Internal exceptions (20 events):
Event: 5.558 Thread 0x00000281813c5f00 Exception <a 'java/lang/ClassNotFoundException'{0x00000007052dcd50}: org/springframework/beans/factory/AwareCustomizer> (0x00000007052dcd50) 
thrown [s\src\hotspot\share\classfile\systemDictionary.cpp, line 256]
Event: 5.558 Thread 0x00000281813c5f00 Exception <a 'java/lang/ClassNotFoundException'{0x00000007052e1768}: org/springframework/context/ApplicationContextAwareCustomizer> (0x00000007052e1768) 
thrown [s\src\hotspot\share\classfile\systemDictionary.cpp, line 256]
Event: 5.559 Thread 0x00000281813c5f00 Exception <a 'java/lang/ClassNotFoundException'{0x00000007052e7870}: org/springframework/beans/factory/AwareCustomizer> (0x00000007052e7870) 
thrown [s\src\hotspot\share\classfile\systemDictionary.cpp, line 256]
Event: 5.559 Thread 0x00000281813c5f00 Exception <a 'java/lang/ClassNotFoundException'{0x00000007052ec260}: org/springframework/web/context/ServletContextAwareCustomizer> (0x00000007052ec260) 
thrown [s\src\hotspot\share\classfile\systemDictionary.cpp, line 256]
Event: 5.559 Thread 0x00000281813c5f00 Exception <a 'java/lang/ClassNotFoundException'{0x00000007052f1cb0}: org/springframework/beans/factory/AwareCustomizer> (0x00000007052f1cb0) 
thrown [s\src\hotspot\share\classfile\systemDictionary.cpp, line 256]
Event: 5.726 Thread 0x00000281813c5f00 Exception <a 'java/lang/NoSuchMethodError'{0x0000000707b7e068}: 'void java.lang.invoke.DirectMethodHandle$Holder.invokeVirtual(java.lang.Object, java.lang.Object, int)'> (0x0000000707b7e068) 
thrown [s\src\hotspot\share\interpreter\linkResolver.cpp, line 759]
Event: 5.728 Thread 0x00000281813c5f00 Exception <a 'java/lang/NoSuchMethodError'{0x0000000707b98a18}: 'void java.lang.invoke.DirectMethodHandle$Holder.invokeVirtual(java.lang.Object, java.lang.Object, long)'> (0x0000000707b98a18) 
thrown [s\src\hotspot\share\interpreter\linkResolver.cpp, line 759]
Event: 5.872 Thread 0x00000281813c5f00 Exception <a 'java/lang/IncompatibleClassChangeError'{0x000000070750bda0}: Found class java.lang.Object, but interface was expected> (0x000000070750bda0) 
thrown [s\src\hotspot\share\interpreter\linkResolver.cpp, line 826]
Event: 5.917 Thread 0x00000281813c5f00 Implicit null exception at 0x00000281ec03548b to 0x00000281ec03591c
Event: 5.978 Thread 0x00000281813c5f00 Implicit null exception at 0x00000281ebf66a5a to 0x00000281ebf66c9c
Event: 6.065 Thread 0x00000281813c5f00 Exception <a 'java/lang/NoSuchMethodError'{0x0000000706db8bf8}: 'java.lang.Object java.lang.invoke.DirectMethodHandle$Holder.invokeSpecial(java.lang.Object, java.lang.Object, int, java.lang.Object, int, java.lang.Object)'> (0x0000000706db8bf8) 
thrown [s\src\hotspot\share\interpreter\linkResolver.cpp, line 759]
Event: 6.066 Thread 0x00000281813c5f00 Exception <a 'java/lang/NoSuchMethodError'{0x0000000706dc0ca0}: 'java.lang.Object java.lang.invoke.DirectMethodHandle$Holder.newInvokeSpecial(java.lang.Object, java.lang.Object, int, java.lang.Object, int)'> (0x0000000706dc0ca0) 
thrown [s\src\hotspot\share\interpreter\linkResolver.cpp, line 759]
Event: 6.067 Thread 0x00000281813c5f00 Exception <a 'java/lang/NoSuchMethodError'{0x0000000706dc4da0}: 'java.lang.Object java.lang.invoke.DirectMethodHandle$Holder.invokeSpecial(java.lang.Object, java.lang.Object, java.lang.Object, int, java.lang.Object, int)'> (0x0000000706dc4da0) 
thrown [s\src\hotspot\share\interpreter\linkResolver.cpp, line 759]
Event: 6.068 Thread 0x00000281813c5f00 Exception <a 'java/lang/NoSuchMethodError'{0x0000000706dcef40}: 'void java.lang.invoke.DirectMethodHandle$Holder.invokeVirtual(java.lang.Object, java.lang.Object)'> (0x0000000706dcef40) 
thrown [s\src\hotspot\share\interpreter\linkResolver.cpp, line 759]
Event: 6.148 Thread 0x00000281813c5f00 Exception <a 'java/lang/ClassNotFoundException'{0x000000070667a1a0}: java/lang/ObjectCustomizer> (0x000000070667a1a0) 
thrown [s\src\hotspot\share\classfile\systemDictionary.cpp, line 256]
Event: 6.149 Thread 0x00000281813c5f00 Exception <a 'java/lang/ClassNotFoundException'{0x0000000706683cd0}: com/greatlearning/tickettracker/entities/TicketTrackerCustomizer> (0x0000000706683cd0) 
thrown [s\src\hotspot\share\classfile\systemDictionary.cpp, line 256]
Event: 18.808 Thread 0x00000281853f0ef0 Exception <a 'java/lang/NoSuchMethodError'{0x00000007132cb080}: 'java.lang.Object java.lang.invoke.DirectMethodHandle$Holder.invokeInterface(java.lang.Object, java.lang.Object, java.lang.Object, java.lang.Object)'> (0x00000007132cb080) 
thrown [s\src\hotspot\share\interpreter\linkResolver.cpp, line 759]
Event: 18.821 Thread 0x00000281853f0ef0 Exception <a 'java/lang/NoSuchMethodError'{0x000000071333ead8}: 'java.lang.Object java.lang.invoke.DirectMethodHandle$Holder.invokeStaticInit(java.lang.Object, java.lang.Object, java.lang.Object, java.lang.Object, java.lang.Object, java.lang.Object)'> (0x000000071333ead8) 
thrown [s\src\hotspot\share\interpreter\linkResolver.cpp, line 759]
Event: 30.400 Thread 0x00000281853f1d60 Exception <a 'java/lang/ClassNotFoundException'{0x0000000707117380}: java/lang/ObjectCustomizer> (0x0000000707117380) 
thrown [s\src\hotspot\share\classfile\systemDictionary.cpp, line 256]
Event: 30.415 Thread 0x00000281853f1d60 Exception <a 'java/lang/ClassNotFoundException'{0x0000000707124148}: com/greatlearning/tickettracker/entities/TicketTrackerCustomizer> (0x0000000707124148) 
thrown [s\src\hotspot\share\classfile\systemDictionary.cpp, line 256]

VM Operations (20 events):
Event: 18.677 Executing VM operation: HandshakeAllThreads
Event: 18.677 Executing VM operation: HandshakeAllThreads done
Event: 18.692 Executing VM operation: HandshakeAllThreads
Event: 18.692 Executing VM operation: HandshakeAllThreads done
Event: 18.786 Executing VM operation: G1CollectForAllocation
Event: 18.792 Executing VM operation: G1CollectForAllocation done
Event: 18.827 Executing VM operation: HandshakeAllThreads
Event: 18.827 Executing VM operation: HandshakeAllThreads done
Event: 18.833 Executing VM operation: HandshakeAllThreads
Event: 18.833 Executing VM operation: HandshakeAllThreads done
Event: 19.839 Executing VM operation: Cleanup
Event: 19.839 Executing VM operation: Cleanup done
Event: 23.864 Executing VM operation: Cleanup
Event: 23.864 Executing VM operation: Cleanup done
Event: 30.907 Executing VM operation: Cleanup
Event: 30.907 Executing VM operation: Cleanup done
Event: 72.223 Executing VM operation: Cleanup
Event: 72.223 Executing VM operation: Cleanup done
Event: 73.225 Executing VM operation: Cleanup
Event: 73.225 Executing VM operation: Cleanup done

Events (20 events):
Event: 18.645 loading class sun/nio/cs/ThreadLocalCoders$Cache done
Event: 18.645 loading class sun/nio/cs/ThreadLocalCoders$1 done
Event: 18.646 loading class sun/nio/cs/ThreadLocalCoders$2
Event: 18.646 loading class sun/nio/cs/ThreadLocalCoders$2 done
Event: 18.844 loading class java/util/concurrent/locks/ReentrantReadWriteLock$FairSync
Event: 18.844 loading class java/util/concurrent/locks/ReentrantReadWriteLock$FairSync done
Event: 18.877 Thread 0x0000028187daaa90 Thread added: 0x0000028187daaa90
Event: 18.877 Thread 0x0000028187a07020 Thread added: 0x0000028187a07020
Event: 18.890 loading class java/util/EnumMap$EntryIterator$Entry
Event: 18.890 loading class java/util/EnumMap$EntryIterator$Entry done
Event: 21.941 Thread 0x0000028187a07020 Thread exited: 0x0000028187a07020
Event: 22.961 Thread 0x0000028187daaa90 Thread exited: 0x0000028187daaa90
Event: 30.390 loading class java/lang/ObjectCustomizer
Event: 30.390 loading class java/lang/ObjectCustomizer done
Event: 30.400 loading class java/lang/ObjectCustomizer
Event: 30.400 loading class java/lang/ObjectCustomizer done
Event: 30.417 loading class java/lang/StringEditor
Event: 30.417 loading class java/lang/StringEditor done
Event: 30.483 loading class sun/reflect/annotation/AnnotationInvocationHandler$1
Event: 30.484 loading class sun/reflect/annotation/AnnotationInvocationHandler$1 done


Dynamic libraries:
0x00007ff7721b0000 - 0x00007ff7721be000 	C:\Users\Dhakshana\Downloads\sts-4.17.1.RELEASE\plugins\org.eclipse.justj.openjdk.hotspot.jre.full.win32.x86_64_17.0.5.v20221102-0933\jre\bin\javaw.exe
0x00007fff9e580000 - 0x00007fff9e789000 	C:\Windows\SYSTEM32\ntdll.dll
0x00007fff9cf90000 - 0x00007fff9d04e000 	C:\Windows\System32\KERNEL32.DLL
0x00007fff9bd50000 - 0x00007fff9c0cb000 	C:\Windows\System32\KERNELBASE.dll
0x00007fff9ba50000 - 0x00007fff9bb61000 	C:\Windows\System32\ucrtbase.dll
0x00007fff51000000 - 0x00007fff51017000 	C:\Users\Dhakshana\Downloads\sts-4.17.1.RELEASE\plugins\org.eclipse.justj.openjdk.hotspot.jre.full.win32.x86_64_17.0.5.v20221102-0933\jre\bin\jli.dll
0x00007fff1a860000 - 0x00007fff1a879000 	C:\Users\Dhakshana\Downloads\sts-4.17.1.RELEASE\plugins\org.eclipse.justj.openjdk.hotspot.jre.full.win32.x86_64_17.0.5.v20221102-0933\jre\bin\VCRUNTIME140.dll
0x00007fff9ca90000 - 0x00007fff9cc3d000 	C:\Windows\System32\USER32.dll
0x00007fff9c350000 - 0x00007fff9c376000 	C:\Windows\System32\win32u.dll
0x00007fff7da50000 - 0x00007fff7dcf5000 	C:\Windows\WinSxS\amd64_microsoft.windows.common-controls_6595b64144ccf1df_6.0.22000.120_none_9d947278b86cc467\COMCTL32.dll
0x00007fff9c770000 - 0x00007fff9c799000 	C:\Windows\System32\GDI32.dll
0x00007fff9d060000 - 0x00007fff9d103000 	C:\Windows\System32\msvcrt.dll
0x00007fff9c0d0000 - 0x00007fff9c1e8000 	C:\Windows\System32\gdi32full.dll
0x00007fff9c1f0000 - 0x00007fff9c28d000 	C:\Windows\System32\msvcp_win.dll
0x00007fff9dd40000 - 0x00007fff9dd72000 	C:\Windows\System32\IMM32.DLL
0x00007fff5dd80000 - 0x00007fff5dd8c000 	C:\Users\Dhakshana\Downloads\sts-4.17.1.RELEASE\plugins\org.eclipse.justj.openjdk.hotspot.jre.full.win32.x86_64_17.0.5.v20221102-0933\jre\bin\vcruntime140_1.dll
0x00007fff118d0000 - 0x00007fff11961000 	C:\Users\Dhakshana\Downloads\sts-4.17.1.RELEASE\plugins\org.eclipse.justj.openjdk.hotspot.jre.full.win32.x86_64_17.0.5.v20221102-0933\jre\bin\msvcp140.dll
0x00007fff0a300000 - 0x00007fff0af44000 	C:\Users\Dhakshana\Downloads\sts-4.17.1.RELEASE\plugins\org.eclipse.justj.openjdk.hotspot.jre.full.win32.x86_64_17.0.5.v20221102-0933\jre\bin\server\jvm.dll
0x00007fff9c800000 - 0x00007fff9c8ae000 	C:\Windows\System32\ADVAPI32.dll
0x00007fff9c6d0000 - 0x00007fff9c76e000 	C:\Windows\System32\sechost.dll
0x00007fff9d4b0000 - 0x00007fff9d5d0000 	C:\Windows\System32\RPCRT4.dll
0x00007fff945e0000 - 0x00007fff94613000 	C:\Windows\SYSTEM32\WINMM.dll
0x00007fff7d5d0000 - 0x00007fff7d5d9000 	C:\Windows\SYSTEM32\WSOCK32.dll
0x00007fff94d90000 - 0x00007fff94d9a000 	C:\Windows\SYSTEM32\VERSION.dll
0x00007fff9c930000 - 0x00007fff9c99f000 	C:\Windows\System32\WS2_32.dll
0x00007fff9aad0000 - 0x00007fff9aae8000 	C:\Windows\SYSTEM32\kernel.appcore.dll
0x00007fff5bed0000 - 0x00007fff5beda000 	C:\Users\Dhakshana\Downloads\sts-4.17.1.RELEASE\plugins\org.eclipse.justj.openjdk.hotspot.jre.full.win32.x86_64_17.0.5.v20221102-0933\jre\bin\jimage.dll
0x00007fff993a0000 - 0x00007fff995c1000 	C:\Windows\SYSTEM32\DBGHELP.DLL
0x00007fff7e8c0000 - 0x00007fff7e8f1000 	C:\Windows\SYSTEM32\dbgcore.DLL
0x00007fff9c380000 - 0x00007fff9c3ff000 	C:\Windows\System32\bcryptPrimitives.dll
0x00007fff17730000 - 0x00007fff17755000 	C:\Users\Dhakshana\Downloads\sts-4.17.1.RELEASE\plugins\org.eclipse.justj.openjdk.hotspot.jre.full.win32.x86_64_17.0.5.v20221102-0933\jre\bin\java.dll
0x00007fff3f8b0000 - 0x00007fff3f8c8000 	C:\Users\Dhakshana\Downloads\sts-4.17.1.RELEASE\plugins\org.eclipse.justj.openjdk.hotspot.jre.full.win32.x86_64_17.0.5.v20221102-0933\jre\bin\zip.dll
0x00007fff9dd80000 - 0x00007fff9e537000 	C:\Windows\System32\SHELL32.dll
0x00007fff99b20000 - 0x00007fff9a385000 	C:\Windows\SYSTEM32\windows.storage.dll
0x00007fff9d130000 - 0x00007fff9d4a8000 	C:\Windows\System32\combase.dll
0x00007fff999b0000 - 0x00007fff99b16000 	C:\Windows\SYSTEM32\wintypes.dll
0x00007fff9cea0000 - 0x00007fff9cf8a000 	C:\Windows\System32\SHCORE.dll
0x00007fff9dce0000 - 0x00007fff9dd3d000 	C:\Windows\System32\shlwapi.dll
0x00007fff9b980000 - 0x00007fff9b9a1000 	C:\Windows\SYSTEM32\profapi.dll
0x00007fff1c020000 - 0x00007fff1c039000 	C:\Users\Dhakshana\Downloads\sts-4.17.1.RELEASE\plugins\org.eclipse.justj.openjdk.hotspot.jre.full.win32.x86_64_17.0.5.v20221102-0933\jre\bin\net.dll
0x00007fff96bb0000 - 0x00007fff96cc4000 	C:\Windows\SYSTEM32\WINHTTP.dll
0x00007fff9af70000 - 0x00007fff9afd7000 	C:\Windows\system32\mswsock.dll
0x00007fff17710000 - 0x00007fff17725000 	C:\Users\Dhakshana\Downloads\sts-4.17.1.RELEASE\plugins\org.eclipse.justj.openjdk.hotspot.jre.full.win32.x86_64_17.0.5.v20221102-0933\jre\bin\nio.dll
0x00007fff5a2f0000 - 0x00007fff5a300000 	C:\Users\Dhakshana\Downloads\sts-4.17.1.RELEASE\plugins\org.eclipse.justj.openjdk.hotspot.jre.full.win32.x86_64_17.0.5.v20221102-0933\jre\bin\verify.dll
0x00007fff55840000 - 0x00007fff55849000 	C:\Users\Dhakshana\Downloads\sts-4.17.1.RELEASE\plugins\org.eclipse.justj.openjdk.hotspot.jre.full.win32.x86_64_17.0.5.v20221102-0933\jre\bin\management.dll
0x00007fff548f0000 - 0x00007fff548fb000 	C:\Users\Dhakshana\Downloads\sts-4.17.1.RELEASE\plugins\org.eclipse.justj.openjdk.hotspot.jre.full.win32.x86_64_17.0.5.v20221102-0933\jre\bin\management_ext.dll
0x00007fff9d050000 - 0x00007fff9d058000 	C:\Windows\System32\PSAPI.DLL
0x00007fff71280000 - 0x00007fff71297000 	C:\Windows\system32\napinsp.dll
0x00007fff712b0000 - 0x00007fff712cb000 	C:\Windows\system32\pnrpnsp.dll
0x00007fff9a670000 - 0x00007fff9a758000 	C:\Windows\SYSTEM32\DNSAPI.dll
0x00007fff9a600000 - 0x00007fff9a62d000 	C:\Windows\SYSTEM32\IPHLPAPI.DLL
0x00007fff9ca80000 - 0x00007fff9ca89000 	C:\Windows\System32\NSI.dll
0x00007fff71240000 - 0x00007fff71252000 	C:\Windows\System32\winrnr.dll
0x00007fff71220000 - 0x00007fff71235000 	C:\Windows\system32\wshbth.dll
0x00007fff71200000 - 0x00007fff7121f000 	C:\Windows\system32\nlansp_c.dll
0x00007fff95180000 - 0x00007fff9518a000 	C:\Windows\System32\rasadhlp.dll
0x00007fff91390000 - 0x00007fff91411000 	C:\Windows\System32\fwpuclnt.dll
0x00007fff9b220000 - 0x00007fff9b238000 	C:\Windows\SYSTEM32\CRYPTSP.dll
0x00007fff9aa30000 - 0x00007fff9aa65000 	C:\Windows\system32\rsaenh.dll
0x00007fff9b0d0000 - 0x00007fff9b0f9000 	C:\Windows\SYSTEM32\USERENV.dll
0x00007fff9b3b0000 - 0x00007fff9b3d7000 	C:\Windows\SYSTEM32\bcrypt.dll
0x00007fff9b240000 - 0x00007fff9b24c000 	C:\Windows\SYSTEM32\CRYPTBASE.dll
0x00007fff93840000 - 0x00007fff93859000 	C:\Windows\SYSTEM32\dhcpcsvc6.DLL
0x00007fff94da0000 - 0x00007fff94dbe000 	C:\Windows\SYSTEM32\dhcpcsvc.DLL
0x00007fff592e0000 - 0x00007fff592ee000 	C:\Users\Dhakshana\Downloads\sts-4.17.1.RELEASE\plugins\org.eclipse.justj.openjdk.hotspot.jre.full.win32.x86_64_17.0.5.v20221102-0933\jre\bin\sunmscapi.dll
0x00007fff9bb70000 - 0x00007fff9bcd2000 	C:\Windows\System32\CRYPT32.dll
0x00007fff9b380000 - 0x00007fff9b3a8000 	C:\Windows\SYSTEM32\ncrypt.dll
0x00007fff9b340000 - 0x00007fff9b377000 	C:\Windows\SYSTEM32\NTASN1.dll
0x00007fff98310000 - 0x00007fff98318000 	C:\Windows\system32\wshunix.dll

dbghelp: loaded successfully - version: 4.0.5 - missing functions: none
symbol engine: initialized successfully - sym options: 0x614 - pdb path: .;C:\Users\Dhakshana\Downloads\sts-4.17.1.RELEASE\plugins\org.eclipse.justj.openjdk.hotspot.jre.full.win32.x86_64_17.0.5.v20221102-0933\jre\bin;C:\Windows\SYSTEM32;C:\Windows\WinSxS\amd64_microsoft.windows.common-controls_6595b64144ccf1df_6.0.22000.120_none_9d947278b86cc467;C:\Users\Dhakshana\Downloads\sts-4.17.1.RELEASE\plugins\org.eclipse.justj.openjdk.hotspot.jre.full.win32.x86_64_17.0.5.v20221102-0933\jre\bin\server

VM Arguments:
jvm_args: -Dfile.encoding=UTF-8 -XX:+ShowCodeDetailsInExceptionMessages 
java_command: com.greatlearning.tickettracker.TicketTrackerApplication
java_class_path (initial): C:\Users\Dhakshana\Documents\workspace-spring-tool-suite-4-4.17.1.RELEASE\ticket-tracker\target\classes;C:\Users\Dhakshana\.m2\repository\org\springframework\boot\spring-boot-starter-data-jpa\2.7.8\spring-boot-starter-data-jpa-2.7.8.jar;C:\Users\Dhakshana\.m2\repository\org\springframework\boot\spring-boot-starter-aop\2.7.8\spring-boot-starter-aop-2.7.8.jar;C:\Users\Dhakshana\.m2\repository\org\springframework\spring-aop\5.3.25\spring-aop-5.3.25.jar;C:\Users\Dhakshana\.m2\repository\org\aspectj\aspectjweaver\1.9.7\aspectjweaver-1.9.7.jar;C:\Users\Dhakshana\.m2\repository\org\springframework\boot\spring-boot-starter-jdbc\2.7.8\spring-boot-starter-jdbc-2.7.8.jar;C:\Users\Dhakshana\.m2\repository\com\zaxxer\HikariCP\4.0.3\HikariCP-4.0.3.jar;C:\Users\Dhakshana\.m2\repository\org\springframework\spring-jdbc\5.3.25\spring-jdbc-5.3.25.jar;C:\Users\Dhakshana\.m2\repository\jakarta\transaction\jakarta.transaction-api\1.3.3\jakarta.transaction-api-1.3.3.jar;C:\Users\Dhakshana\.m2\repository\jakarta\persistence\jakarta.persistence-api\2.2.3\jakarta.persistence-api-2.2.3.jar;C:\Users\Dhakshana\.m2\repository\org\hibernate\hibernate-core\5.6.14.Final\hibernate-core-5.6.14.Final.jar;C:\Users\Dhakshana\.m2\repository\org\jboss\logging\jboss-logging\3.4.3.Final\jboss-logging-3.4.3.Final.jar;C:\Users\Dhakshana\.m2\repository\net\bytebuddy\byte-buddy\1.12.22\byte-buddy-1.12.22.jar;C:\Users\Dhakshana\.m2\repository\antlr\antlr\2.7.7\antlr-2.7.7.jar;C:\Users\Dhakshana\.m2\repository\org\jboss\jandex\2.4.2.Final\jandex-2.4.2.Final.jar;C:\Users\Dhakshana\.m2\repository\com\fasterxml\classmate\1.5.1\classmate-1.5.1.jar;C:\Users\Dhakshana\.m2\repository\org\hibernate\common\hibernate-commons-annotations\5.1.2.Final\hibernate-commons-annotations-5.1.2.Final.jar;C:\Users\Dhakshana\.m2\repository\org\glassfish\jaxb\jaxb-runtime\2.3.7\jaxb-runtime-2.3.7.jar;C:\Users\Dhakshana\.m2\repository\org\glassfish\jaxb\txw2\2.3.7\txw2-2.3.7.jar;C:\Users\Dhakshana\.m2\reposit
Launcher Type: SUN_STANDARD

[Global flags]
     intx CICompilerCount                          = 4                                         {product} {ergonomic}
     uint ConcGCThreads                            = 2                                         {product} {ergonomic}
     uint G1ConcRefinementThreads                  = 8                                         {product} {ergonomic}
   size_t G1HeapRegionSize                         = 2097152                                   {product} {ergonomic}
    uintx GCDrainStackTargetSize                   = 64                                        {product} {ergonomic}
   size_t InitialHeapSize                          = 266338304                                 {product} {ergonomic}
   size_t MarkStackSize                            = 4194304                                   {product} {ergonomic}
   size_t MaxHeapSize                              = 4238344192                                {product} {ergonomic}
   size_t MaxNewSize                               = 2541748224                                {product} {ergonomic}
   size_t MinHeapDeltaBytes                        = 2097152                                   {product} {ergonomic}
   size_t MinHeapSize                              = 8388608                                   {product} {ergonomic}
    uintx NonNMethodCodeHeapSize                   = 5839372                                {pd product} {ergonomic}
    uintx NonProfiledCodeHeapSize                  = 122909434                              {pd product} {ergonomic}
    uintx ProfiledCodeHeapSize                     = 122909434                              {pd product} {ergonomic}
    uintx ReservedCodeCacheSize                    = 251658240                              {pd product} {ergonomic}
     bool SegmentedCodeCache                       = true                                      {product} {ergonomic}
     bool ShowCodeDetailsInExceptionMessages       = true                                   {manageable} {command line}
   size_t SoftMaxHeapSize                          = 4238344192                             {manageable} {ergonomic}
     bool UseCompressedClassPointers               = true                           {product lp64_product} {ergonomic}
     bool UseCompressedOops                        = true                           {product lp64_product} {ergonomic}
     bool UseG1GC                                  = true                                      {product} {ergonomic}
     bool UseLargePagesIndividualAllocation        = false                                  {pd product} {ergonomic}

Logging:
Log output configuration:
 #0: stdout all=warning uptime,level,tags
 #1: stderr all=off uptime,level,tags

Environment Variables:
JAVA_HOME=C:\Softwares\JAVA
PATH=C:/Users/Dhakshana/Downloads/sts-4.17.1.RELEASE//plugins/org.eclipse.justj.openjdk.hotspot.jre.full.win32.x86_64_17.0.5.v20221102-0933/jre/bin/server;C:/Users/Dhakshana/Downloads/sts-4.17.1.RELEASE//plugins/org.eclipse.justj.openjdk.hotspot.jre.full.win32.x86_64_17.0.5.v20221102-0933/jre/bin;C:\Program Files\Common Files\Oracle\Java\javapath;C:\Windows\system32;C:\Windows;C:\Windows\System32\Wbem;C:\Windows\System32\WindowsPowerShell\v1.0\;C:\Windows\System32\OpenSSH\;C:\Softwares\JAVA\bin;C:\Program Files\dotnet\;C:\Program Files (x86)\dotnet\;C:\Windows\Microsoft.NET\Framework\v4.0.30319;C:\Program Files (x86)\Appeon\PowerBuilder 19.0;C:\Program Files (x86)\Appeon\PowerBuilderCompiler 19.0;C:\Program Files\MySQL\MySQL Shell 8.0\bin\;C:\Users\Dhakshana\AppData\Local\Microsoft\WindowsApps;C:\Users\Dhakshana\.dotnet\tools;C:\Users\Dhakshana\Downloads\sts-4.17.1.RELEASE;
USERNAME=Dhakshana
OS=Windows_NT
PROCESSOR_IDENTIFIER=Intel64 Family 6 Model 140 Stepping 1, GenuineIntel
TMP=C:\Users\DHAKSH~1\AppData\Local\Temp
TEMP=C:\Users\DHAKSH~1\AppData\Local\Temp



---------------  S Y S T E M  ---------------

OS:
 Windows 11 , 64 bit Build 22000 (10.0.22000.1335)
OS uptime: 15 days 10:25 hours
Hyper-V role detected

CPU: total 8 (initial active 8) (4 cores per cpu, 2 threads per core) family 6 model 140 stepping 1 microcode 0x9a, cx8, cmov, fxsr, ht, mmx, 3dnowpref, sse, sse2, sse3, ssse3, sse4.1, sse4.2, popcnt, lzcnt, tsc, tscinvbit, avx, avx2, aes, erms, clmul, bmi1, bmi2, adx, avx512f, avx512dq, avx512cd, avx512bw, avx512vl, sha, fma, vzeroupper, avx512_vpopcntdq, avx512_vpclmulqdq, avx512_vaes, avx512_vnni, clflush, clflushopt, clwb, avx512_vbmi2, avx512_vbmi, hv

Memory: 4k page, system-wide physical 16167M (476M free)
TotalPageFile size 65319M (AvailPageFile size 0M)
current process WorkingSet (physical memory assigned to process): 83M, peak: 272M
current process commit charge ("private bytes"): 260M, peak: 378M

vm_info: OpenJDK 64-Bit Server VM (17.0.5+8) for windows-amd64 JRE (17.0.5+8), built on Oct 19 2022 04:48:13 by "temurin" with MS VC++ 16.7 (VS2019)

END.
